app/build/intermediates/manifest_merge_blame_file/debug/processDebugMainManifest/manifest-merger-blame-debug-report.txt
1<?xml version="1.0" encoding="utf-8"?>
2<manifest xmlns:android="http://schemas.android.com/apk/res/android"
3    package="com.kitoptics.thermalview.debug"
4    android:versionCode="1"
5    android:versionName="0.1.0-dev-debug" >
6
7    <uses-sdk
8        android:minSdkVersion="33"
9        android:targetSdkVersion="35" />
10
11    <!-- USB Host mode for UVC camera -->
12    <uses-feature
12-->src\main\AndroidManifest.xml:6:5-8:35
13        android:name="android.hardware.usb.host"
13-->src\main\AndroidManifest.xml:7:9-49
14        android:required="true" />
14-->src\main\AndroidManifest.xml:8:9-32
15
16    <!-- Storage for video recording -->
17    <uses-permission android:name="android.permission.RECORD_AUDIO" />
17-->src\main\AndroidManifest.xml:11:5-71
17-->src\main\AndroidManifest.xml:11:22-68
18    <!-- Required by AUSBC internal notifications on API 33+ -->
19    <uses-permission android:name="android.permission.POST_NOTIFICATIONS" />
19-->src\main\AndroidManifest.xml:13:5-77
19-->src\main\AndroidManifest.xml:13:22-74
20    <uses-permission android:name="android.permission.INTERNET" />
20-->[io.sentry:sentry-android-core:7.10.0] AndroidManifest.xml:7:5-67
20-->[io.sentry:sentry-android-core:7.10.0] AndroidManifest.xml:7:22-64
21
22    <permission
22-->[androidx.core:core:1.13.1] AndroidManifest.xml:22:5-24:47
23        android:name="com.kitoptics.thermalview.debug.DYNAMIC_RECEIVER_NOT_EXPORTED_PERMISSION"
23-->[androidx.core:core:1.13.1] AndroidManifest.xml:23:9-81
24        android:protectionLevel="signature" />
24-->[androidx.core:core:1.13.1] AndroidManifest.xml:24:9-44
25
26    <uses-permission android:name="com.kitoptics.thermalview.debug.DYNAMIC_RECEIVER_NOT_EXPORTED_PERMISSION" />
26-->[androidx.core:core:1.13.1] AndroidManifest.xml:26:5-97
26-->[androidx.core:core:1.13.1] AndroidManifest.xml:26:22-94
27
28    <application
28-->src\main\AndroidManifest.xml:15:5-45:19
29        android:name="com.kitoptics.thermalview.app.ThermalViewApp"
29-->src\main\AndroidManifest.xml:16:9-43
30        android:allowBackup="false"
30-->src\main\AndroidManifest.xml:17:9-36
31        android:appComponentFactory="androidx.core.app.CoreComponentFactory"
31-->[androidx.core:core:1.13.1] AndroidManifest.xml:28:18-86
32        android:debuggable="true"
33        android:extractNativeLibs="false"
34        android:icon="@mipmap/ic_launcher"
34-->src\main\AndroidManifest.xml:18:9-43
35        android:label="@string/app_name"
35-->src\main\AndroidManifest.xml:19:9-41
36        android:supportsRtl="true"
36-->src\main\AndroidManifest.xml:20:9-35
37        android:theme="@style/Theme.ThermalView" >
37-->src\main\AndroidManifest.xml:21:9-49
38        <activity
38-->src\main\AndroidManifest.xml:24:9-44:20
39            android:name="com.kitoptics.thermalview.app.MainActivity"
39-->src\main\AndroidManifest.xml:25:13-45
40            android:configChanges="orientation|screenSize|keyboardHidden"
40-->src\main\AndroidManifest.xml:28:13-74
41            android:exported="true"
41-->src\main\AndroidManifest.xml:26:13-36
42            android:launchMode="singleTop"
42-->src\main\AndroidManifest.xml:29:13-43
43            android:screenOrientation="sensorLandscape" >
43-->src\main\AndroidManifest.xml:27:13-56
44            <intent-filter>
44-->src\main\AndroidManifest.xml:31:13-34:29
45                <action android:name="android.intent.action.MAIN" />
45-->src\main\AndroidManifest.xml:32:17-69
45-->src\main\AndroidManifest.xml:32:25-66
46
47                <category android:name="android.intent.category.LAUNCHER" />
47-->src\main\AndroidManifest.xml:33:17-77
47-->src\main\AndroidManifest.xml:33:27-74
48            </intent-filter>
49
50            <!-- Auto-launch when KitEye camera is connected -->
51            <intent-filter>
51-->src\main\AndroidManifest.xml:37:13-39:29
52                <action android:name="android.hardware.usb.action.USB_DEVICE_ATTACHED" />
52-->src\main\AndroidManifest.xml:38:17-90
52-->src\main\AndroidManifest.xml:38:25-87
53            </intent-filter>
54
55            <meta-data
55-->src\main\AndroidManifest.xml:41:13-43:61
56                android:name="android.hardware.usb.action.USB_DEVICE_ATTACHED"
56-->src\main\AndroidManifest.xml:42:17-79
57                android:resource="@xml/usb_device_filter" />
57-->src\main\AndroidManifest.xml:43:17-58
58        </activity>
59
60        <provider
60-->[androidx.emoji2:emoji2:1.3.0] AndroidManifest.xml:24:9-32:20
61            android:name="androidx.startup.InitializationProvider"
61-->[androidx.emoji2:emoji2:1.3.0] AndroidManifest.xml:25:13-67
62            android:authorities="com.kitoptics.thermalview.debug.androidx-startup"
62-->[androidx.emoji2:emoji2:1.3.0] AndroidManifest.xml:26:13-68
63            android:exported="false" >
63-->[androidx.emoji2:emoji2:1.3.0] AndroidManifest.xml:27:13-37
64            <meta-data
64-->[androidx.emoji2:emoji2:1.3.0] AndroidManifest.xml:29:13-31:52
65                android:name="androidx.emoji2.text.EmojiCompatInitializer"
65-->[androidx.emoji2:emoji2:1.3.0] AndroidManifest.xml:30:17-75
66                android:value="androidx.startup" />
66-->[androidx.emoji2:emoji2:1.3.0] AndroidManifest.xml:31:17-49
67            <meta-data
67-->[androidx.lifecycle:lifecycle-process:2.8.2] AndroidManifest.xml:29:13-31:52
68                android:name="androidx.lifecycle.ProcessLifecycleInitializer"
68-->[androidx.lifecycle:lifecycle-process:2.8.2] AndroidManifest.xml:30:17-78
69                android:value="androidx.startup" />
69-->[androidx.lifecycle:lifecycle-process:2.8.2] AndroidManifest.xml:31:17-49
70            <meta-data
70-->[androidx.profileinstaller:profileinstaller:1.3.1] AndroidManifest.xml:29:13-31:52
71                android:name="androidx.profileinstaller.ProfileInstallerInitializer"
71-->[androidx.profileinstaller:profileinstaller:1.3.1] AndroidManifest.xml:30:17-85
72                android:value="androidx.startup" />
72-->[androidx.profileinstaller:profileinstaller:1.3.1] AndroidManifest.xml:31:17-49
73        </provider> <!-- 'android:authorities' must be unique in the device, across all apps -->
74        <provider
74-->[io.sentry:sentry-android-core:7.10.0] AndroidManifest.xml:12:9-15:40
75            android:name="io.sentry.android.core.SentryInitProvider"
75-->[io.sentry:sentry-android-core:7.10.0] AndroidManifest.xml:13:13-69
76            android:authorities="com.kitoptics.thermalview.debug.SentryInitProvider"
76-->[io.sentry:sentry-android-core:7.10.0] AndroidManifest.xml:14:13-70
77            android:exported="false" />
77-->[io.sentry:sentry-android-core:7.10.0] AndroidManifest.xml:15:13-37
78        <provider
78-->[io.sentry:sentry-android-core:7.10.0] AndroidManifest.xml:16:9-20:39
79            android:name="io.sentry.android.core.SentryPerformanceProvider"
79-->[io.sentry:sentry-android-core:7.10.0] AndroidManifest.xml:17:13-76
80            android:authorities="com.kitoptics.thermalview.debug.SentryPerformanceProvider"
80-->[io.sentry:sentry-android-core:7.10.0] AndroidManifest.xml:18:13-77
81            android:exported="false"
81-->[io.sentry:sentry-android-core:7.10.0] AndroidManifest.xml:19:13-37
82            android:initOrder="200" />
82-->[io.sentry:sentry-android-core:7.10.0] AndroidManifest.xml:20:13-36
83
84        <receiver
84-->[androidx.profileinstaller:profileinstaller:1.3.1] AndroidManifest.xml:34:9-52:20
85            android:name="androidx.profileinstaller.ProfileInstallReceiver"
85-->[androidx.profileinstaller:profileinstaller:1.3.1] AndroidManifest.xml:35:13-76
86            android:directBootAware="false"
86-->[androidx.profileinstaller:profileinstaller:1.3.1] AndroidManifest.xml:36:13-44
87            android:enabled="true"
87-->[androidx.profileinstaller:profileinstaller:1.3.1] AndroidManifest.xml:37:13-35
88            android:exported="true"
88-->[androidx.profileinstaller:profileinstaller:1.3.1] AndroidManifest.xml:38:13-36
89            android:permission="android.permission.DUMP" >
89-->[androidx.profileinstaller:profileinstaller:1.3.1] AndroidManifest.xml:39:13-57
90            <intent-filter>
90-->[androidx.profileinstaller:profileinstaller:1.3.1] AndroidManifest.xml:40:13-42:29
91                <action android:name="androidx.profileinstaller.action.INSTALL_PROFILE" />
91-->[androidx.profileinstaller:profileinstaller:1.3.1] AndroidManifest.xml:41:17-91
91-->[androidx.profileinstaller:profileinstaller:1.3.1] AndroidManifest.xml:41:25-88
92            </intent-filter>
93            <intent-filter>
93-->[androidx.profileinstaller:profileinstaller:1.3.1] AndroidManifest.xml:43:13-45:29
94                <action android:name="androidx.profileinstaller.action.SKIP_FILE" />
94-->[androidx.profileinstaller:profileinstaller:1.3.1] AndroidManifest.xml:44:17-85
94-->[androidx.profileinstaller:profileinstaller:1.3.1] AndroidManifest.xml:44:25-82
95            </intent-filter>
96            <intent-filter>
96-->[androidx.profileinstaller:profileinstaller:1.3.1] AndroidManifest.xml:46:13-48:29
97                <action android:name="androidx.profileinstaller.action.SAVE_PROFILE" />
97-->[androidx.profileinstaller:profileinstaller:1.3.1] AndroidManifest.xml:47:17-88
97-->[androidx.profileinstaller:profileinstaller:1.3.1] AndroidManifest.xml:47:25-85
98            </intent-filter>
99            <intent-filter>
99-->[androidx.profileinstaller:profileinstaller:1.3.1] AndroidManifest.xml:49:13-51:29
100                <action android:name="androidx.profileinstaller.action.BENCHMARK_OPERATION" />
100-->[androidx.profileinstaller:profileinstaller:1.3.1] AndroidManifest.xml:50:17-95
100-->[androidx.profileinstaller:profileinstaller:1.3.1] AndroidManifest.xml:50:25-92
101            </intent-filter>
102        </receiver>
103    </application>
104
105</manifest>